[debug] [2021-05-31T15:28:13.396Z] ----------------------------------------------------------------------
[debug] [2021-05-31T15:28:13.397Z] Command:       /usr/local/bin/node /usr/local/bin/firebase emulators:start --only functions
[debug] [2021-05-31T15:28:13.398Z] CLI Version:   9.12.0
[debug] [2021-05-31T15:28:13.398Z] Platform:      linux
[debug] [2021-05-31T15:28:13.398Z] Node Version:  v14.17.0
[debug] [2021-05-31T15:28:13.398Z] Time:          Mon May 31 2021 17:28:13 GMT+0200 (Central European Summer Time)
[debug] [2021-05-31T15:28:13.398Z] ----------------------------------------------------------------------
[debug] 
[debug] [2021-05-31T15:28:13.403Z] > command requires scopes: ["email","openid","https://www.googleapis.com/auth/cloudplatformprojects.readonly","https://www.googleapis.com/auth/firebase","https://www.googleapis.com/auth/cloud-platform"]
[debug] [2021-05-31T15:28:13.403Z] > authorizing via signed-in user (pasquale.matarrese@gmail.com)
[info] i  emulators: Starting emulators: functions {"metadata":{"emulator":{"name":"hub"},"message":"Starting emulators: functions"}}
[debug] [2021-05-31T15:28:13.416Z] [hub] writing locator at /tmp/hub-mealstogo-1cc16.json
[warn] ⚠  functions: The following emulators are not running, calls to these services from the Functions emulator will affect production: auth, firestore, database, hosting, pubsub, storage {"metadata":{"emulator":{"name":"functions"},"message":"The following emulators are not running, calls to these services from the Functions emulator will affect production: \u001b[1mauth, firestore, database, hosting, pubsub, storage\u001b[22m"}}
[info] ✔  functions: Using node@14 from host. {"metadata":{"emulator":{"name":"functions"},"message":"Using node@14 from host."}}
[debug] [2021-05-31T15:28:13.431Z] defaultcredentials: writing to file /home/pasqat/.config/firebase/pasquale_matarrese_gmail.com_application_default_credentials.json
[debug] [2021-05-31T15:28:13.434Z] Setting GAC to /home/pasqat/.config/firebase/pasquale_matarrese_gmail.com_application_default_credentials.json {"metadata":{"emulator":{"name":"functions"},"message":"Setting GAC to /home/pasqat/.config/firebase/pasquale_matarrese_gmail.com_application_default_credentials.json"}}
[debug] [2021-05-31T15:28:13.435Z] > refreshing access token with scopes: []
[debug] [2021-05-31T15:28:13.436Z] >>> HTTP REQUEST POST https://www.googleapis.com/oauth2/v3/token  
 <request body omitted>
[debug] [2021-05-31T15:28:13.586Z] <<< HTTP RESPONSE 200 {"expires":"Mon, 01 Jan 1990 00:00:00 GMT","pragma":"no-cache","date":"Mon, 31 May 2021 15:28:13 GMT","cache-control":"no-cache, no-store, max-age=0, must-revalidate","content-type":"application/json; charset=utf-8","vary":"X-Origin, Referer, Origin,Accept-Encoding","server":"scaffolding on HTTPServer2","x-xss-protection":"0","x-frame-options":"SAMEORIGIN","x-content-type-options":"nosniff","alt-svc":"h3-29=\":443\"; ma=2592000,h3-T051=\":443\"; ma=2592000,h3-Q050=\":443\"; ma=2592000,h3-Q046=\":443\"; ma=2592000,h3-Q043=\":443\"; ma=2592000,quic=\":443\"; ma=2592000; v=\"46,43\"","accept-ranges":"none","transfer-encoding":"chunked"}
[debug] [2021-05-31T15:28:13.591Z] >>> [apiv2][query] GET https://firebase.googleapis.com/v1beta1/projects/mealstogo-1cc16/adminSdkConfig [none]
[debug] [2021-05-31T15:28:13.904Z] <<< [apiv2][status] GET https://firebase.googleapis.com/v1beta1/projects/mealstogo-1cc16/adminSdkConfig 200
[debug] [2021-05-31T15:28:13.904Z] <<< [apiv2][body] GET https://firebase.googleapis.com/v1beta1/projects/mealstogo-1cc16/adminSdkConfig {"projectId":"mealstogo-1cc16","storageBucket":"mealstogo-1cc16.appspot.com"}
[debug] [2021-05-31T15:28:13.933Z] Ignoring unsupported arg: auto_download {"metadata":{"emulator":{"name":"ui"},"message":"Ignoring unsupported arg: auto_download"}}
[debug] [2021-05-31T15:28:13.934Z] Ignoring unsupported arg: port {"metadata":{"emulator":{"name":"ui"},"message":"Ignoring unsupported arg: port"}}
[debug] [2021-05-31T15:28:13.935Z] Starting Emulator UI with command {"binary":"node","args":["/home/pasqat/.cache/firebase/emulators/ui-v1.5.0/server.bundle.js"],"optionalArgs":[],"joinArgs":false} {"metadata":{"emulator":{"name":"ui"},"message":"Starting Emulator UI with command {\"binary\":\"node\",\"args\":[\"/home/pasqat/.cache/firebase/emulators/ui-v1.5.0/server.bundle.js\"],\"optionalArgs\":[],\"joinArgs\":false}"}}
[info] i  ui: Emulator UI logging to ui-debug.log {"metadata":{"emulator":{"name":"ui"},"message":"Emulator UI logging to \u001b[1mui-debug.log\u001b[22m"}}
[debug] [2021-05-31T15:28:14.002Z] Web / API server started at http://localhost:4000
 {"metadata":{"emulator":{"name":"ui"},"message":"Web / API server started at http://localhost:4000\n"}}
[info] i  functions: Watching "/home/pasqat/appdev/MealsToGo/functions" for Cloud Functions... {"metadata":{"emulator":{"name":"functions"},"message":"Watching \"/home/pasqat/appdev/MealsToGo/functions\" for Cloud Functions..."}}
[debug] [2021-05-31T15:28:14.226Z] [worker-pool] addWorker(~diagnostic~) {"metadata":{"emulator":{"name":"functions"},"message":"[worker-pool] addWorker(~diagnostic~)"}}
[debug] [2021-05-31T15:28:14.226Z] [worker-pool] Adding worker with key ~diagnostic~, total=1 {"metadata":{"emulator":{"name":"functions"},"message":"[worker-pool] Adding worker with key ~diagnostic~, total=1"}}
[debug] [2021-05-31T15:28:14.226Z] [worker-pool] submitWork(triggerId=) {"metadata":{"emulator":{"name":"functions"},"message":"[worker-pool] submitWork(triggerId=)"}}
[debug] [2021-05-31T15:28:14.226Z] [worker-~diagnostic~-4d6a5ce4-5bd5-44c0-94fa-78250d8f7a25]: Assigning socketPath: /tmp/fire_emu_607603.sock {"metadata":{"emulator":{"name":"functions"},"message":"[worker-~diagnostic~-4d6a5ce4-5bd5-44c0-94fa-78250d8f7a25]: Assigning socketPath: /tmp/fire_emu_607603.sock"}}
[debug] [2021-05-31T15:28:14.226Z] [worker-~diagnostic~-4d6a5ce4-5bd5-44c0-94fa-78250d8f7a25]: BUSY {"metadata":{"emulator":{"name":"functions"},"message":"[worker-~diagnostic~-4d6a5ce4-5bd5-44c0-94fa-78250d8f7a25]: BUSY"}}
[debug] [2021-05-31T15:28:14.313Z] [runtime-status] [607603] Functions runtime initialized. {"cwd":"/home/pasqat/appdev/MealsToGo/functions","node_version":"14.17.0"} {"metadata":{"emulator":{"name":"functions"},"message":"[runtime-status] [607603] Functions runtime initialized. {\"cwd\":\"/home/pasqat/appdev/MealsToGo/functions\",\"node_version\":\"14.17.0\"}"}}
[debug] [2021-05-31T15:28:14.314Z] [runtime-status] [607603] Disabled runtime features: undefined {"metadata":{"emulator":{"name":"functions"},"message":"[runtime-status] [607603] Disabled runtime features: undefined"}}
[debug] [2021-05-31T15:28:14.315Z] [runtime-status] [607603] Resolved module firebase-admin {"declared":true,"installed":true,"version":"9.9.0","resolution":"/home/pasqat/appdev/MealsToGo/functions/node_modules/firebase-admin/lib/index.js"} {"metadata":{"emulator":{"name":"functions"},"message":"[runtime-status] [607603] Resolved module firebase-admin {\"declared\":true,\"installed\":true,\"version\":\"9.9.0\",\"resolution\":\"/home/pasqat/appdev/MealsToGo/functions/node_modules/firebase-admin/lib/index.js\"}"}}
[debug] [2021-05-31T15:28:14.316Z] [runtime-status] [607603] Resolved module firebase-functions {"declared":true,"installed":true,"version":"3.14.1","resolution":"/home/pasqat/appdev/MealsToGo/functions/node_modules/firebase-functions/lib/index.js"} {"metadata":{"emulator":{"name":"functions"},"message":"[runtime-status] [607603] Resolved module firebase-functions {\"declared\":true,\"installed\":true,\"version\":\"3.14.1\",\"resolution\":\"/home/pasqat/appdev/MealsToGo/functions/node_modules/firebase-functions/lib/index.js\"}"}}
[debug] [2021-05-31T15:28:14.317Z] [runtime-status] [607603] Found local functions config: /home/pasqat/appdev/MealsToGo/functions/.runtimeconfig.json {"metadata":{"emulator":{"name":"functions"},"message":"[runtime-status] [607603] Found local functions config: /home/pasqat/appdev/MealsToGo/functions/.runtimeconfig.json"}}
[debug] [2021-05-31T15:28:14.317Z] [runtime-status] [607603] Resolved module firebase-functions {"declared":true,"installed":true,"version":"3.14.1","resolution":"/home/pasqat/appdev/MealsToGo/functions/node_modules/firebase-functions/lib/index.js"} {"metadata":{"emulator":{"name":"functions"},"message":"[runtime-status] [607603] Resolved module firebase-functions {\"declared\":true,\"installed\":true,\"version\":\"3.14.1\",\"resolution\":\"/home/pasqat/appdev/MealsToGo/functions/node_modules/firebase-functions/lib/index.js\"}"}}
[debug] [2021-05-31T15:28:14.318Z] [runtime-status] [607603] Outgoing network have been stubbed. [{"name":"http","status":"mocked"},{"name":"http","status":"mocked"},{"name":"https","status":"mocked"},{"name":"https","status":"mocked"},{"name":"net","status":"mocked"}] {"metadata":{"emulator":{"name":"functions"},"message":"[runtime-status] [607603] Outgoing network have been stubbed. [{\"name\":\"http\",\"status\":\"mocked\"},{\"name\":\"http\",\"status\":\"mocked\"},{\"name\":\"https\",\"status\":\"mocked\"},{\"name\":\"https\",\"status\":\"mocked\"},{\"name\":\"net\",\"status\":\"mocked\"}]"}}
[debug] [2021-05-31T15:28:14.318Z] [runtime-status] [607603] Resolved module firebase-functions {"declared":true,"installed":true,"version":"3.14.1","resolution":"/home/pasqat/appdev/MealsToGo/functions/node_modules/firebase-functions/lib/index.js"} {"metadata":{"emulator":{"name":"functions"},"message":"[runtime-status] [607603] Resolved module firebase-functions {\"declared\":true,\"installed\":true,\"version\":\"3.14.1\",\"resolution\":\"/home/pasqat/appdev/MealsToGo/functions/node_modules/firebase-functions/lib/index.js\"}"}}
[debug] [2021-05-31T15:28:14.338Z] [runtime-status] [607603] Checked functions.config() {"config":{"google":{"key":"AIzaSyAXw0whQHOYVXo6U827rVtNI9vbG3kAmPg"}}} {"metadata":{"emulator":{"name":"functions"},"message":"[runtime-status] [607603] Checked functions.config() {\"config\":{\"google\":{\"key\":\"AIzaSyAXw0whQHOYVXo6U827rVtNI9vbG3kAmPg\"}}}"}}
[debug] [2021-05-31T15:28:14.339Z] [runtime-status] [607603] firebase-functions has been stubbed. {"functionsResolution":{"declared":true,"installed":true,"version":"3.14.1","resolution":"/home/pasqat/appdev/MealsToGo/functions/node_modules/firebase-functions/lib/index.js"}} {"metadata":{"emulator":{"name":"functions"},"message":"[runtime-status] [607603] firebase-functions has been stubbed. {\"functionsResolution\":{\"declared\":true,\"installed\":true,\"version\":\"3.14.1\",\"resolution\":\"/home/pasqat/appdev/MealsToGo/functions/node_modules/firebase-functions/lib/index.js\"}}"}}
[debug] [2021-05-31T15:28:14.339Z] [runtime-status] [607603] Resolved module firebase-functions {"declared":true,"installed":true,"version":"3.14.1","resolution":"/home/pasqat/appdev/MealsToGo/functions/node_modules/firebase-functions/lib/index.js"} {"metadata":{"emulator":{"name":"functions"},"message":"[runtime-status] [607603] Resolved module firebase-functions {\"declared\":true,\"installed\":true,\"version\":\"3.14.1\",\"resolution\":\"/home/pasqat/appdev/MealsToGo/functions/node_modules/firebase-functions/lib/index.js\"}"}}
[debug] [2021-05-31T15:28:14.339Z] [runtime-status] [607603] Resolved module firebase-admin {"declared":true,"installed":true,"version":"9.9.0","resolution":"/home/pasqat/appdev/MealsToGo/functions/node_modules/firebase-admin/lib/index.js"} {"metadata":{"emulator":{"name":"functions"},"message":"[runtime-status] [607603] Resolved module firebase-admin {\"declared\":true,\"installed\":true,\"version\":\"9.9.0\",\"resolution\":\"/home/pasqat/appdev/MealsToGo/functions/node_modules/firebase-admin/lib/index.js\"}"}}
[debug] [2021-05-31T15:28:14.340Z] [runtime-status] [607603] Resolved module firebase-functions {"declared":true,"installed":true,"version":"3.14.1","resolution":"/home/pasqat/appdev/MealsToGo/functions/node_modules/firebase-functions/lib/index.js"} {"metadata":{"emulator":{"name":"functions"},"message":"[runtime-status] [607603] Resolved module firebase-functions {\"declared\":true,\"installed\":true,\"version\":\"3.14.1\",\"resolution\":\"/home/pasqat/appdev/MealsToGo/functions/node_modules/firebase-functions/lib/index.js\"}"}}
[debug] [2021-05-31T15:28:14.340Z] [runtime-status] [607603] firebase-admin has been stubbed. {"adminResolution":{"declared":true,"installed":true,"version":"9.9.0","resolution":"/home/pasqat/appdev/MealsToGo/functions/node_modules/firebase-admin/lib/index.js"}} {"metadata":{"emulator":{"name":"functions"},"message":"[runtime-status] [607603] firebase-admin has been stubbed. {\"adminResolution\":{\"declared\":true,\"installed\":true,\"version\":\"9.9.0\",\"resolution\":\"/home/pasqat/appdev/MealsToGo/functions/node_modules/firebase-admin/lib/index.js\"}}"}}
[info] ✔  functions[us-central1-geocode]: http function initialized (http://localhost:5001/mealstogo-1cc16/us-central1/geocode). {"metadata":{"emulator":{"name":"functions"},"message":"\u001b[1mhttp\u001b[22m function initialized (http://localhost:5001/mealstogo-1cc16/us-central1/geocode)."}}
[info] ✔  functions[us-central1-placesNearby]: http function initialized (http://localhost:5001/mealstogo-1cc16/us-central1/placesNearby). {"metadata":{"emulator":{"name":"functions"},"message":"\u001b[1mhttp\u001b[22m function initialized (http://localhost:5001/mealstogo-1cc16/us-central1/placesNearby)."}}
[info] 
┌─────────────────────────────────────────────────────────────┐
│ ✔  All emulators ready! It is now safe to connect your app. │
│ i  View Emulator UI at http://localhost:4000                │
└─────────────────────────────────────────────────────────────┘

┌───────────┬────────────────┬─────────────────────────────────┐
│ Emulator  │ Host:Port      │ View in Emulator UI             │
├───────────┼────────────────┼─────────────────────────────────┤
│ Functions │ localhost:5001 │ http://localhost:4000/functions │
└───────────┴────────────────┴─────────────────────────────────┘
  Emulator Hub running at localhost:4400
  Other reserved ports: 4500

Issues? Report them at https://github.com/firebase/firebase-tools/issues and attach the *-debug.log files.
 
[debug] [2021-05-31T15:28:14.365Z] [worker-~diagnostic~-4d6a5ce4-5bd5-44c0-94fa-78250d8f7a25]: IDLE {"metadata":{"emulator":{"name":"functions"},"message":"[worker-~diagnostic~-4d6a5ce4-5bd5-44c0-94fa-78250d8f7a25]: IDLE"}}
[debug] [2021-05-31T15:28:22.166Z] [work-queue] {"queueLength":1,"workRunningCount":0}
[debug] [2021-05-31T15:28:22.166Z] [work-queue] {"queueLength":0,"workRunningCount":1}
[debug] [2021-05-31T15:28:22.166Z] Accepted request GET /mealstogo-1cc16/us-central1/geocode?city=antwerp&mock=false --> us-central1-geocode
[debug] [2021-05-31T15:28:22.170Z] [worker-pool] addWorker(us-central1-geocode) {"metadata":{"emulator":{"name":"functions"},"message":"[worker-pool] addWorker(us-central1-geocode)"}}
[debug] [2021-05-31T15:28:22.170Z] [worker-pool] Adding worker with key us-central1-geocode, total=1 {"metadata":{"emulator":{"name":"functions"},"message":"[worker-pool] Adding worker with key us-central1-geocode, total=1"}}
[debug] [2021-05-31T15:28:22.170Z] [worker-pool] submitWork(triggerId=us-central1-geocode) {"metadata":{"emulator":{"name":"functions"},"message":"[worker-pool] submitWork(triggerId=us-central1-geocode)"}}
[debug] [2021-05-31T15:28:22.170Z] [worker-us-central1-geocode-140ae162-71db-47e0-90e7-024a6902be21]: Assigning socketPath: /tmp/fire_emu_607751.sock {"metadata":{"emulator":{"name":"functions"},"message":"[worker-us-central1-geocode-140ae162-71db-47e0-90e7-024a6902be21]: Assigning socketPath: /tmp/fire_emu_607751.sock"}}
[debug] [2021-05-31T15:28:22.171Z] [worker-us-central1-geocode-140ae162-71db-47e0-90e7-024a6902be21]: BUSY {"metadata":{"emulator":{"name":"functions"},"message":"[worker-us-central1-geocode-140ae162-71db-47e0-90e7-024a6902be21]: BUSY"}}
[debug] [2021-05-31T15:28:22.260Z] [runtime-status] [607751] Functions runtime initialized. {"cwd":"/home/pasqat/appdev/MealsToGo/functions","node_version":"14.17.0"} {"metadata":{"emulator":{"name":"functions"},"function":{"name":"us-central1-geocode"},"message":"[runtime-status] [607751] Functions runtime initialized. {\"cwd\":\"/home/pasqat/appdev/MealsToGo/functions\",\"node_version\":\"14.17.0\"}"}}
[debug] [2021-05-31T15:28:22.262Z] [runtime-status] [607751] Disabled runtime features: undefined {"metadata":{"emulator":{"name":"functions"},"function":{"name":"us-central1-geocode"},"message":"[runtime-status] [607751] Disabled runtime features: undefined"}}
[debug] [2021-05-31T15:28:22.262Z] [runtime-status] [607751] Resolved module firebase-admin {"declared":true,"installed":true,"version":"9.9.0","resolution":"/home/pasqat/appdev/MealsToGo/functions/node_modules/firebase-admin/lib/index.js"} {"metadata":{"emulator":{"name":"functions"},"function":{"name":"us-central1-geocode"},"message":"[runtime-status] [607751] Resolved module firebase-admin {\"declared\":true,\"installed\":true,\"version\":\"9.9.0\",\"resolution\":\"/home/pasqat/appdev/MealsToGo/functions/node_modules/firebase-admin/lib/index.js\"}"}}
[debug] [2021-05-31T15:28:22.264Z] [runtime-status] [607751] Resolved module firebase-functions {"declared":true,"installed":true,"version":"3.14.1","resolution":"/home/pasqat/appdev/MealsToGo/functions/node_modules/firebase-functions/lib/index.js"} {"metadata":{"emulator":{"name":"functions"},"function":{"name":"us-central1-geocode"},"message":"[runtime-status] [607751] Resolved module firebase-functions {\"declared\":true,\"installed\":true,\"version\":\"3.14.1\",\"resolution\":\"/home/pasqat/appdev/MealsToGo/functions/node_modules/firebase-functions/lib/index.js\"}"}}
[debug] [2021-05-31T15:28:22.265Z] [runtime-status] [607751] Found local functions config: /home/pasqat/appdev/MealsToGo/functions/.runtimeconfig.json {"metadata":{"emulator":{"name":"functions"},"function":{"name":"us-central1-geocode"},"message":"[runtime-status] [607751] Found local functions config: /home/pasqat/appdev/MealsToGo/functions/.runtimeconfig.json"}}
[debug] [2021-05-31T15:28:22.265Z] [runtime-status] [607751] Resolved module firebase-functions {"declared":true,"installed":true,"version":"3.14.1","resolution":"/home/pasqat/appdev/MealsToGo/functions/node_modules/firebase-functions/lib/index.js"} {"metadata":{"emulator":{"name":"functions"},"function":{"name":"us-central1-geocode"},"message":"[runtime-status] [607751] Resolved module firebase-functions {\"declared\":true,\"installed\":true,\"version\":\"3.14.1\",\"resolution\":\"/home/pasqat/appdev/MealsToGo/functions/node_modules/firebase-functions/lib/index.js\"}"}}
[debug] [2021-05-31T15:28:22.266Z] [runtime-status] [607751] Outgoing network have been stubbed. [{"name":"http","status":"mocked"},{"name":"http","status":"mocked"},{"name":"https","status":"mocked"},{"name":"https","status":"mocked"},{"name":"net","status":"mocked"}] {"metadata":{"emulator":{"name":"functions"},"function":{"name":"us-central1-geocode"},"message":"[runtime-status] [607751] Outgoing network have been stubbed. [{\"name\":\"http\",\"status\":\"mocked\"},{\"name\":\"http\",\"status\":\"mocked\"},{\"name\":\"https\",\"status\":\"mocked\"},{\"name\":\"https\",\"status\":\"mocked\"},{\"name\":\"net\",\"status\":\"mocked\"}]"}}
[debug] [2021-05-31T15:28:22.266Z] [runtime-status] [607751] Resolved module firebase-functions {"declared":true,"installed":true,"version":"3.14.1","resolution":"/home/pasqat/appdev/MealsToGo/functions/node_modules/firebase-functions/lib/index.js"} {"metadata":{"emulator":{"name":"functions"},"function":{"name":"us-central1-geocode"},"message":"[runtime-status] [607751] Resolved module firebase-functions {\"declared\":true,\"installed\":true,\"version\":\"3.14.1\",\"resolution\":\"/home/pasqat/appdev/MealsToGo/functions/node_modules/firebase-functions/lib/index.js\"}"}}
[debug] [2021-05-31T15:28:22.287Z] [runtime-status] [607751] Checked functions.config() {"config":{"google":{"key":"AIzaSyAXw0whQHOYVXo6U827rVtNI9vbG3kAmPg"}}} {"metadata":{"emulator":{"name":"functions"},"function":{"name":"us-central1-geocode"},"message":"[runtime-status] [607751] Checked functions.config() {\"config\":{\"google\":{\"key\":\"AIzaSyAXw0whQHOYVXo6U827rVtNI9vbG3kAmPg\"}}}"}}
[debug] [2021-05-31T15:28:22.287Z] [runtime-status] [607751] firebase-functions has been stubbed. {"functionsResolution":{"declared":true,"installed":true,"version":"3.14.1","resolution":"/home/pasqat/appdev/MealsToGo/functions/node_modules/firebase-functions/lib/index.js"}} {"metadata":{"emulator":{"name":"functions"},"function":{"name":"us-central1-geocode"},"message":"[runtime-status] [607751] firebase-functions has been stubbed. {\"functionsResolution\":{\"declared\":true,\"installed\":true,\"version\":\"3.14.1\",\"resolution\":\"/home/pasqat/appdev/MealsToGo/functions/node_modules/firebase-functions/lib/index.js\"}}"}}
[debug] [2021-05-31T15:28:22.288Z] [runtime-status] [607751] Resolved module firebase-functions {"declared":true,"installed":true,"version":"3.14.1","resolution":"/home/pasqat/appdev/MealsToGo/functions/node_modules/firebase-functions/lib/index.js"} {"metadata":{"emulator":{"name":"functions"},"function":{"name":"us-central1-geocode"},"message":"[runtime-status] [607751] Resolved module firebase-functions {\"declared\":true,\"installed\":true,\"version\":\"3.14.1\",\"resolution\":\"/home/pasqat/appdev/MealsToGo/functions/node_modules/firebase-functions/lib/index.js\"}"}}
[debug] [2021-05-31T15:28:22.288Z] [runtime-status] [607751] Resolved module firebase-admin {"declared":true,"installed":true,"version":"9.9.0","resolution":"/home/pasqat/appdev/MealsToGo/functions/node_modules/firebase-admin/lib/index.js"} {"metadata":{"emulator":{"name":"functions"},"function":{"name":"us-central1-geocode"},"message":"[runtime-status] [607751] Resolved module firebase-admin {\"declared\":true,\"installed\":true,\"version\":\"9.9.0\",\"resolution\":\"/home/pasqat/appdev/MealsToGo/functions/node_modules/firebase-admin/lib/index.js\"}"}}
[debug] [2021-05-31T15:28:22.288Z] [runtime-status] [607751] Resolved module firebase-functions {"declared":true,"installed":true,"version":"3.14.1","resolution":"/home/pasqat/appdev/MealsToGo/functions/node_modules/firebase-functions/lib/index.js"} {"metadata":{"emulator":{"name":"functions"},"function":{"name":"us-central1-geocode"},"message":"[runtime-status] [607751] Resolved module firebase-functions {\"declared\":true,\"installed\":true,\"version\":\"3.14.1\",\"resolution\":\"/home/pasqat/appdev/MealsToGo/functions/node_modules/firebase-functions/lib/index.js\"}"}}
[debug] [2021-05-31T15:28:22.289Z] [runtime-status] [607751] firebase-admin has been stubbed. {"adminResolution":{"declared":true,"installed":true,"version":"9.9.0","resolution":"/home/pasqat/appdev/MealsToGo/functions/node_modules/firebase-admin/lib/index.js"}} {"metadata":{"emulator":{"name":"functions"},"function":{"name":"us-central1-geocode"},"message":"[runtime-status] [607751] firebase-admin has been stubbed. {\"adminResolution\":{\"declared\":true,\"installed\":true,\"version\":\"9.9.0\",\"resolution\":\"/home/pasqat/appdev/MealsToGo/functions/node_modules/firebase-admin/lib/index.js\"}}"}}
[debug] [2021-05-31T15:28:22.311Z] [runtime-status] [607751] Trigger "us-central1-geocode" has been found, beginning invocation! {"metadata":{"emulator":{"name":"functions"},"function":{"name":"us-central1-geocode"},"message":"[runtime-status] [607751] Trigger \"us-central1-geocode\" has been found, beginning invocation!"}}
[info] i  functions: Beginning execution of "us-central1-geocode" {"metadata":{"emulator":{"name":"functions"},"function":{"name":"us-central1-geocode"},"message":"Beginning execution of \"us-central1-geocode\""}}
[debug] [2021-05-31T15:28:22.312Z] [runtime-status] [607751] triggerDefinition {"httpsTrigger":{},"name":"geocode","entryPoint":"geocode","regions":["us-central1"],"region":"us-central1","id":"us-central1-geocode"} {"metadata":{"emulator":{"name":"functions"},"function":{"name":"us-central1-geocode"},"message":"[runtime-status] [607751] triggerDefinition {\"httpsTrigger\":{},\"name\":\"geocode\",\"entryPoint\":\"geocode\",\"regions\":[\"us-central1\"],\"region\":\"us-central1\",\"id\":\"us-central1-geocode\"}"}}
[debug] [2021-05-31T15:28:22.312Z] [runtime-status] [607751] Running us-central1-geocode in mode HTTPS {"metadata":{"emulator":{"name":"functions"},"function":{"name":"us-central1-geocode"},"message":"[runtime-status] [607751] Running us-central1-geocode in mode HTTPS"}}
[debug] [2021-05-31T15:28:22.318Z] [runtime-status] [607751] Attempting to listen to socketPath: /tmp/fire_emu_607751.sock {"metadata":{"emulator":{"name":"functions"},"function":{"name":"us-central1-geocode"},"message":"[runtime-status] [607751] Attempting to listen to socketPath: /tmp/fire_emu_607751.sock"}}
[debug] [2021-05-31T15:28:22.319Z] [functions] Runtime ready! Sending request! {"metadata":{"emulator":{"name":"functions"},"message":"[functions] Runtime ready! Sending request!"}}
[debug] [2021-05-31T15:28:22.320Z] [functions] Got req.url=/mealstogo-1cc16/us-central1/geocode?city=antwerp&mock=false, mapping to path=/?city=antwerp&mock=false {"metadata":{"emulator":{"name":"functions"},"message":"[functions] Got req.url=/mealstogo-1cc16/us-central1/geocode?city=antwerp&mock=false, mapping to path=/?city=antwerp&mock=false"}}
[debug] [2021-05-31T15:28:22.325Z] [runtime-status] [607751] Ephemeral server handling GET request {"metadata":{"emulator":{"name":"functions"},"function":{"name":"us-central1-geocode"},"message":"[runtime-status] [607751] Ephemeral server handling GET request"}}
[debug] [2021-05-31T15:28:22.338Z] [runtime-status] [607751] Ephemeral server survived. {"metadata":{"emulator":{"name":"functions"},"function":{"name":"us-central1-geocode"},"message":"[runtime-status] [607751] Ephemeral server survived."}}
[info] i  functions: Finished "us-central1-geocode" in ~1s {"metadata":{"emulator":{"name":"functions"},"function":{"name":"us-central1-geocode"},"message":"Finished \"us-central1-geocode\" in ~1s"}}
[debug] [2021-05-31T15:28:22.475Z] [worker-us-central1-geocode-140ae162-71db-47e0-90e7-024a6902be21]: IDLE {"metadata":{"emulator":{"name":"functions"},"message":"[worker-us-central1-geocode-140ae162-71db-47e0-90e7-024a6902be21]: IDLE"}}
[debug] [2021-05-31T15:28:22.476Z] [work-queue] {"queueLength":0,"workRunningCount":0}
[debug] [2021-05-31T15:29:43.746Z] [work-queue] {"queueLength":1,"workRunningCount":0}
[debug] [2021-05-31T15:29:43.746Z] [work-queue] {"queueLength":0,"workRunningCount":1}
[debug] [2021-05-31T15:29:43.746Z] Accepted request GET /mealstogo-1cc16/us-central1/geocode?city=antwerp&mock=false --> us-central1-geocode
[debug] [2021-05-31T15:29:43.747Z] [worker-pool] submitWork(triggerId=us-central1-geocode) {"metadata":{"emulator":{"name":"functions"},"message":"[worker-pool] submitWork(triggerId=us-central1-geocode)"}}
[debug] [2021-05-31T15:29:43.747Z] [worker-us-central1-geocode-140ae162-71db-47e0-90e7-024a6902be21]: Assigning socketPath: /tmp/fire_emu_607751.sock {"metadata":{"emulator":{"name":"functions"},"message":"[worker-us-central1-geocode-140ae162-71db-47e0-90e7-024a6902be21]: Assigning socketPath: /tmp/fire_emu_607751.sock"}}
[debug] [2021-05-31T15:29:43.747Z] [worker-us-central1-geocode-140ae162-71db-47e0-90e7-024a6902be21]: BUSY {"metadata":{"emulator":{"name":"functions"},"message":"[worker-us-central1-geocode-140ae162-71db-47e0-90e7-024a6902be21]: BUSY"}}
[debug] [2021-05-31T15:29:43.748Z] [runtime-status] [607751] Trigger "us-central1-geocode" has been found, beginning invocation! {"metadata":{"emulator":{"name":"functions"},"function":{"name":"us-central1-geocode"},"message":"[runtime-status] [607751] Trigger \"us-central1-geocode\" has been found, beginning invocation!"}}
[info] i  functions: Beginning execution of "us-central1-geocode" {"metadata":{"emulator":{"name":"functions"},"function":{"name":"us-central1-geocode"},"message":"Beginning execution of \"us-central1-geocode\""}}
[debug] [2021-05-31T15:29:43.748Z] [runtime-status] [607751] triggerDefinition {"httpsTrigger":{},"name":"geocode","entryPoint":"geocode","regions":["us-central1"],"region":"us-central1","id":"us-central1-geocode"} {"metadata":{"emulator":{"name":"functions"},"function":{"name":"us-central1-geocode"},"message":"[runtime-status] [607751] triggerDefinition {\"httpsTrigger\":{},\"name\":\"geocode\",\"entryPoint\":\"geocode\",\"regions\":[\"us-central1\"],\"region\":\"us-central1\",\"id\":\"us-central1-geocode\"}"}}
[debug] [2021-05-31T15:29:43.748Z] [runtime-status] [607751] Running us-central1-geocode in mode HTTPS {"metadata":{"emulator":{"name":"functions"},"function":{"name":"us-central1-geocode"},"message":"[runtime-status] [607751] Running us-central1-geocode in mode HTTPS"}}
[debug] [2021-05-31T15:29:43.748Z] [runtime-status] [607751] Attempting to listen to socketPath: /tmp/fire_emu_607751.sock {"metadata":{"emulator":{"name":"functions"},"function":{"name":"us-central1-geocode"},"message":"[runtime-status] [607751] Attempting to listen to socketPath: /tmp/fire_emu_607751.sock"}}
[debug] [2021-05-31T15:29:43.749Z] [functions] Runtime ready! Sending request! {"metadata":{"emulator":{"name":"functions"},"message":"[functions] Runtime ready! Sending request!"}}
[debug] [2021-05-31T15:29:43.749Z] [functions] Got req.url=/mealstogo-1cc16/us-central1/geocode?city=antwerp&mock=false, mapping to path=/?city=antwerp&mock=false {"metadata":{"emulator":{"name":"functions"},"message":"[functions] Got req.url=/mealstogo-1cc16/us-central1/geocode?city=antwerp&mock=false, mapping to path=/?city=antwerp&mock=false"}}
[debug] [2021-05-31T15:29:43.751Z] [runtime-status] [607751] Ephemeral server handling GET request {"metadata":{"emulator":{"name":"functions"},"function":{"name":"us-central1-geocode"},"message":"[runtime-status] [607751] Ephemeral server handling GET request"}}
[debug] [2021-05-31T15:29:43.752Z] [runtime-status] [607751] Ephemeral server survived. {"metadata":{"emulator":{"name":"functions"},"function":{"name":"us-central1-geocode"},"message":"[runtime-status] [607751] Ephemeral server survived."}}
[info] i  functions: Finished "us-central1-geocode" in ~1s {"metadata":{"emulator":{"name":"functions"},"function":{"name":"us-central1-geocode"},"message":"Finished \"us-central1-geocode\" in ~1s"}}
[debug] [2021-05-31T15:29:43.859Z] [worker-us-central1-geocode-140ae162-71db-47e0-90e7-024a6902be21]: IDLE {"metadata":{"emulator":{"name":"functions"},"message":"[worker-us-central1-geocode-140ae162-71db-47e0-90e7-024a6902be21]: IDLE"}}
[debug] [2021-05-31T15:29:43.860Z] [work-queue] {"queueLength":0,"workRunningCount":0}
[debug] [2021-05-31T15:29:55.446Z] [work-queue] {"queueLength":1,"workRunningCount":0}
[debug] [2021-05-31T15:29:55.446Z] [work-queue] {"queueLength":0,"workRunningCount":1}
[debug] [2021-05-31T15:29:55.446Z] Accepted request GET /mealstogo-1cc16/us-central1/geocode --> us-central1-geocode
[debug] [2021-05-31T15:29:55.446Z] [worker-pool] submitWork(triggerId=us-central1-geocode) {"metadata":{"emulator":{"name":"functions"},"message":"[worker-pool] submitWork(triggerId=us-central1-geocode)"}}
[debug] [2021-05-31T15:29:55.447Z] [worker-us-central1-geocode-140ae162-71db-47e0-90e7-024a6902be21]: Assigning socketPath: /tmp/fire_emu_607751.sock {"metadata":{"emulator":{"name":"functions"},"message":"[worker-us-central1-geocode-140ae162-71db-47e0-90e7-024a6902be21]: Assigning socketPath: /tmp/fire_emu_607751.sock"}}
[debug] [2021-05-31T15:29:55.447Z] [worker-us-central1-geocode-140ae162-71db-47e0-90e7-024a6902be21]: BUSY {"metadata":{"emulator":{"name":"functions"},"message":"[worker-us-central1-geocode-140ae162-71db-47e0-90e7-024a6902be21]: BUSY"}}
[debug] [2021-05-31T15:29:55.447Z] [runtime-status] [607751] Trigger "us-central1-geocode" has been found, beginning invocation! {"metadata":{"emulator":{"name":"functions"},"function":{"name":"us-central1-geocode"},"message":"[runtime-status] [607751] Trigger \"us-central1-geocode\" has been found, beginning invocation!"}}
[info] i  functions: Beginning execution of "us-central1-geocode" {"metadata":{"emulator":{"name":"functions"},"function":{"name":"us-central1-geocode"},"message":"Beginning execution of \"us-central1-geocode\""}}
[debug] [2021-05-31T15:29:55.448Z] [runtime-status] [607751] triggerDefinition {"httpsTrigger":{},"name":"geocode","entryPoint":"geocode","regions":["us-central1"],"region":"us-central1","id":"us-central1-geocode"} {"metadata":{"emulator":{"name":"functions"},"function":{"name":"us-central1-geocode"},"message":"[runtime-status] [607751] triggerDefinition {\"httpsTrigger\":{},\"name\":\"geocode\",\"entryPoint\":\"geocode\",\"regions\":[\"us-central1\"],\"region\":\"us-central1\",\"id\":\"us-central1-geocode\"}"}}
[debug] [2021-05-31T15:29:55.448Z] [runtime-status] [607751] Running us-central1-geocode in mode HTTPS {"metadata":{"emulator":{"name":"functions"},"function":{"name":"us-central1-geocode"},"message":"[runtime-status] [607751] Running us-central1-geocode in mode HTTPS"}}
[debug] [2021-05-31T15:29:55.448Z] [runtime-status] [607751] Attempting to listen to socketPath: /tmp/fire_emu_607751.sock {"metadata":{"emulator":{"name":"functions"},"function":{"name":"us-central1-geocode"},"message":"[runtime-status] [607751] Attempting to listen to socketPath: /tmp/fire_emu_607751.sock"}}
[debug] [2021-05-31T15:29:55.448Z] [functions] Runtime ready! Sending request! {"metadata":{"emulator":{"name":"functions"},"message":"[functions] Runtime ready! Sending request!"}}
[debug] [2021-05-31T15:29:55.448Z] [functions] Got req.url=/mealstogo-1cc16/us-central1/geocode, mapping to path=/ {"metadata":{"emulator":{"name":"functions"},"message":"[functions] Got req.url=/mealstogo-1cc16/us-central1/geocode, mapping to path=/"}}
[debug] [2021-05-31T15:29:55.450Z] [runtime-status] [607751] Ephemeral server handling GET request {"metadata":{"emulator":{"name":"functions"},"function":{"name":"us-central1-geocode"},"message":"[runtime-status] [607751] Ephemeral server handling GET request"}}
[debug] [2021-05-31T15:29:55.451Z] [runtime-status] [607751] Ephemeral server survived. {"metadata":{"emulator":{"name":"functions"},"function":{"name":"us-central1-geocode"},"message":"[runtime-status] [607751] Ephemeral server survived."}}
[info] i  functions: Finished "us-central1-geocode" in ~1s {"metadata":{"emulator":{"name":"functions"},"function":{"name":"us-central1-geocode"},"message":"Finished \"us-central1-geocode\" in ~1s"}}
[debug] [2021-05-31T15:29:55.491Z] [worker-us-central1-geocode-140ae162-71db-47e0-90e7-024a6902be21]: IDLE {"metadata":{"emulator":{"name":"functions"},"message":"[worker-us-central1-geocode-140ae162-71db-47e0-90e7-024a6902be21]: IDLE"}}
[debug] [2021-05-31T15:29:55.491Z] [work-queue] {"queueLength":0,"workRunningCount":0}
[debug] [2021-05-31T15:30:00.444Z] [work-queue] {"queueLength":1,"workRunningCount":0}
[debug] [2021-05-31T15:30:00.444Z] [work-queue] {"queueLength":0,"workRunningCount":1}
[debug] [2021-05-31T15:30:00.445Z] Accepted request GET /mealstogo-1cc16/us-central1/geocode?city=antwerp --> us-central1-geocode
[debug] [2021-05-31T15:30:00.445Z] [worker-pool] submitWork(triggerId=us-central1-geocode) {"metadata":{"emulator":{"name":"functions"},"message":"[worker-pool] submitWork(triggerId=us-central1-geocode)"}}
[debug] [2021-05-31T15:30:00.445Z] [worker-us-central1-geocode-140ae162-71db-47e0-90e7-024a6902be21]: Assigning socketPath: /tmp/fire_emu_607751.sock {"metadata":{"emulator":{"name":"functions"},"message":"[worker-us-central1-geocode-140ae162-71db-47e0-90e7-024a6902be21]: Assigning socketPath: /tmp/fire_emu_607751.sock"}}
[debug] [2021-05-31T15:30:00.445Z] [worker-us-central1-geocode-140ae162-71db-47e0-90e7-024a6902be21]: BUSY {"metadata":{"emulator":{"name":"functions"},"message":"[worker-us-central1-geocode-140ae162-71db-47e0-90e7-024a6902be21]: BUSY"}}
[debug] [2021-05-31T15:30:00.446Z] [runtime-status] [607751] Trigger "us-central1-geocode" has been found, beginning invocation! {"metadata":{"emulator":{"name":"functions"},"function":{"name":"us-central1-geocode"},"message":"[runtime-status] [607751] Trigger \"us-central1-geocode\" has been found, beginning invocation!"}}
[info] i  functions: Beginning execution of "us-central1-geocode" {"metadata":{"emulator":{"name":"functions"},"function":{"name":"us-central1-geocode"},"message":"Beginning execution of \"us-central1-geocode\""}}
[debug] [2021-05-31T15:30:00.447Z] [runtime-status] [607751] triggerDefinition {"httpsTrigger":{},"name":"geocode","entryPoint":"geocode","regions":["us-central1"],"region":"us-central1","id":"us-central1-geocode"} {"metadata":{"emulator":{"name":"functions"},"function":{"name":"us-central1-geocode"},"message":"[runtime-status] [607751] triggerDefinition {\"httpsTrigger\":{},\"name\":\"geocode\",\"entryPoint\":\"geocode\",\"regions\":[\"us-central1\"],\"region\":\"us-central1\",\"id\":\"us-central1-geocode\"}"}}
[debug] [2021-05-31T15:30:00.447Z] [runtime-status] [607751] Running us-central1-geocode in mode HTTPS {"metadata":{"emulator":{"name":"functions"},"function":{"name":"us-central1-geocode"},"message":"[runtime-status] [607751] Running us-central1-geocode in mode HTTPS"}}
[debug] [2021-05-31T15:30:00.447Z] [runtime-status] [607751] Attempting to listen to socketPath: /tmp/fire_emu_607751.sock {"metadata":{"emulator":{"name":"functions"},"function":{"name":"us-central1-geocode"},"message":"[runtime-status] [607751] Attempting to listen to socketPath: /tmp/fire_emu_607751.sock"}}
[debug] [2021-05-31T15:30:00.447Z] [functions] Runtime ready! Sending request! {"metadata":{"emulator":{"name":"functions"},"message":"[functions] Runtime ready! Sending request!"}}
[debug] [2021-05-31T15:30:00.447Z] [functions] Got req.url=/mealstogo-1cc16/us-central1/geocode?city=antwerp, mapping to path=/?city=antwerp {"metadata":{"emulator":{"name":"functions"},"message":"[functions] Got req.url=/mealstogo-1cc16/us-central1/geocode?city=antwerp, mapping to path=/?city=antwerp"}}
[debug] [2021-05-31T15:30:00.448Z] [runtime-status] [607751] Ephemeral server handling GET request {"metadata":{"emulator":{"name":"functions"},"function":{"name":"us-central1-geocode"},"message":"[runtime-status] [607751] Ephemeral server handling GET request"}}
[debug] [2021-05-31T15:30:00.449Z] [runtime-status] [607751] Ephemeral server survived. {"metadata":{"emulator":{"name":"functions"},"function":{"name":"us-central1-geocode"},"message":"[runtime-status] [607751] Ephemeral server survived."}}
[info] i  functions: Finished "us-central1-geocode" in ~1s {"metadata":{"emulator":{"name":"functions"},"function":{"name":"us-central1-geocode"},"message":"Finished \"us-central1-geocode\" in ~1s"}}
[debug] [2021-05-31T15:30:00.490Z] [worker-us-central1-geocode-140ae162-71db-47e0-90e7-024a6902be21]: IDLE {"metadata":{"emulator":{"name":"functions"},"message":"[worker-us-central1-geocode-140ae162-71db-47e0-90e7-024a6902be21]: IDLE"}}
[debug] [2021-05-31T15:30:00.491Z] [work-queue] {"queueLength":0,"workRunningCount":0}
[debug] [2021-05-31T15:30:06.347Z] [work-queue] {"queueLength":1,"workRunningCount":0}
[debug] [2021-05-31T15:30:06.347Z] [work-queue] {"queueLength":0,"workRunningCount":1}
[debug] [2021-05-31T15:30:06.347Z] Accepted request GET /mealstogo-1cc16/us-central1/geocode?city=antwerp&mock=true --> us-central1-geocode
[debug] [2021-05-31T15:30:06.347Z] [worker-pool] submitWork(triggerId=us-central1-geocode) {"metadata":{"emulator":{"name":"functions"},"message":"[worker-pool] submitWork(triggerId=us-central1-geocode)"}}
[debug] [2021-05-31T15:30:06.347Z] [worker-us-central1-geocode-140ae162-71db-47e0-90e7-024a6902be21]: Assigning socketPath: /tmp/fire_emu_607751.sock {"metadata":{"emulator":{"name":"functions"},"message":"[worker-us-central1-geocode-140ae162-71db-47e0-90e7-024a6902be21]: Assigning socketPath: /tmp/fire_emu_607751.sock"}}
[debug] [2021-05-31T15:30:06.347Z] [worker-us-central1-geocode-140ae162-71db-47e0-90e7-024a6902be21]: BUSY {"metadata":{"emulator":{"name":"functions"},"message":"[worker-us-central1-geocode-140ae162-71db-47e0-90e7-024a6902be21]: BUSY"}}
[debug] [2021-05-31T15:30:06.348Z] [runtime-status] [607751] Trigger "us-central1-geocode" has been found, beginning invocation! {"metadata":{"emulator":{"name":"functions"},"function":{"name":"us-central1-geocode"},"message":"[runtime-status] [607751] Trigger \"us-central1-geocode\" has been found, beginning invocation!"}}
[info] i  functions: Beginning execution of "us-central1-geocode" {"metadata":{"emulator":{"name":"functions"},"function":{"name":"us-central1-geocode"},"message":"Beginning execution of \"us-central1-geocode\""}}
[debug] [2021-05-31T15:30:06.349Z] [runtime-status] [607751] triggerDefinition {"httpsTrigger":{},"name":"geocode","entryPoint":"geocode","regions":["us-central1"],"region":"us-central1","id":"us-central1-geocode"} {"metadata":{"emulator":{"name":"functions"},"function":{"name":"us-central1-geocode"},"message":"[runtime-status] [607751] triggerDefinition {\"httpsTrigger\":{},\"name\":\"geocode\",\"entryPoint\":\"geocode\",\"regions\":[\"us-central1\"],\"region\":\"us-central1\",\"id\":\"us-central1-geocode\"}"}}
[debug] [2021-05-31T15:30:06.349Z] [runtime-status] [607751] Running us-central1-geocode in mode HTTPS {"metadata":{"emulator":{"name":"functions"},"function":{"name":"us-central1-geocode"},"message":"[runtime-status] [607751] Running us-central1-geocode in mode HTTPS"}}
[debug] [2021-05-31T15:30:06.349Z] [runtime-status] [607751] Attempting to listen to socketPath: /tmp/fire_emu_607751.sock {"metadata":{"emulator":{"name":"functions"},"function":{"name":"us-central1-geocode"},"message":"[runtime-status] [607751] Attempting to listen to socketPath: /tmp/fire_emu_607751.sock"}}
[debug] [2021-05-31T15:30:06.349Z] [functions] Runtime ready! Sending request! {"metadata":{"emulator":{"name":"functions"},"message":"[functions] Runtime ready! Sending request!"}}
[debug] [2021-05-31T15:30:06.349Z] [functions] Got req.url=/mealstogo-1cc16/us-central1/geocode?city=antwerp&mock=true, mapping to path=/?city=antwerp&mock=true {"metadata":{"emulator":{"name":"functions"},"message":"[functions] Got req.url=/mealstogo-1cc16/us-central1/geocode?city=antwerp&mock=true, mapping to path=/?city=antwerp&mock=true"}}
[debug] [2021-05-31T15:30:06.351Z] [runtime-status] [607751] Ephemeral server handling GET request {"metadata":{"emulator":{"name":"functions"},"function":{"name":"us-central1-geocode"},"message":"[runtime-status] [607751] Ephemeral server handling GET request"}}
[debug] [2021-05-31T15:30:06.352Z] [runtime-status] [607751] Ephemeral server survived. {"metadata":{"emulator":{"name":"functions"},"function":{"name":"us-central1-geocode"},"message":"[runtime-status] [607751] Ephemeral server survived."}}
[info] i  functions: Finished "us-central1-geocode" in ~1s {"metadata":{"emulator":{"name":"functions"},"function":{"name":"us-central1-geocode"},"message":"Finished \"us-central1-geocode\" in ~1s"}}
[debug] [2021-05-31T15:30:06.353Z] [worker-us-central1-geocode-140ae162-71db-47e0-90e7-024a6902be21]: IDLE {"metadata":{"emulator":{"name":"functions"},"message":"[worker-us-central1-geocode-140ae162-71db-47e0-90e7-024a6902be21]: IDLE"}}
[debug] [2021-05-31T15:30:06.353Z] [work-queue] {"queueLength":0,"workRunningCount":0}
[debug] [2021-05-31T15:30:09.299Z] [work-queue] {"queueLength":1,"workRunningCount":0}
[debug] [2021-05-31T15:30:09.299Z] [work-queue] {"queueLength":0,"workRunningCount":1}
[debug] [2021-05-31T15:30:09.299Z] Accepted request GET /mealstogo-1cc16/us-central1/geocode?city=antwerp&mock=false --> us-central1-geocode
[debug] [2021-05-31T15:30:09.299Z] [worker-pool] submitWork(triggerId=us-central1-geocode) {"metadata":{"emulator":{"name":"functions"},"message":"[worker-pool] submitWork(triggerId=us-central1-geocode)"}}
[debug] [2021-05-31T15:30:09.299Z] [worker-us-central1-geocode-140ae162-71db-47e0-90e7-024a6902be21]: Assigning socketPath: /tmp/fire_emu_607751.sock {"metadata":{"emulator":{"name":"functions"},"message":"[worker-us-central1-geocode-140ae162-71db-47e0-90e7-024a6902be21]: Assigning socketPath: /tmp/fire_emu_607751.sock"}}
[debug] [2021-05-31T15:30:09.299Z] [worker-us-central1-geocode-140ae162-71db-47e0-90e7-024a6902be21]: BUSY {"metadata":{"emulator":{"name":"functions"},"message":"[worker-us-central1-geocode-140ae162-71db-47e0-90e7-024a6902be21]: BUSY"}}
[debug] [2021-05-31T15:30:09.300Z] [runtime-status] [607751] Trigger "us-central1-geocode" has been found, beginning invocation! {"metadata":{"emulator":{"name":"functions"},"function":{"name":"us-central1-geocode"},"message":"[runtime-status] [607751] Trigger \"us-central1-geocode\" has been found, beginning invocation!"}}
[info] i  functions: Beginning execution of "us-central1-geocode" {"metadata":{"emulator":{"name":"functions"},"function":{"name":"us-central1-geocode"},"message":"Beginning execution of \"us-central1-geocode\""}}
[debug] [2021-05-31T15:30:09.301Z] [runtime-status] [607751] triggerDefinition {"httpsTrigger":{},"name":"geocode","entryPoint":"geocode","regions":["us-central1"],"region":"us-central1","id":"us-central1-geocode"} {"metadata":{"emulator":{"name":"functions"},"function":{"name":"us-central1-geocode"},"message":"[runtime-status] [607751] triggerDefinition {\"httpsTrigger\":{},\"name\":\"geocode\",\"entryPoint\":\"geocode\",\"regions\":[\"us-central1\"],\"region\":\"us-central1\",\"id\":\"us-central1-geocode\"}"}}
[debug] [2021-05-31T15:30:09.301Z] [runtime-status] [607751] Running us-central1-geocode in mode HTTPS {"metadata":{"emulator":{"name":"functions"},"function":{"name":"us-central1-geocode"},"message":"[runtime-status] [607751] Running us-central1-geocode in mode HTTPS"}}
[debug] [2021-05-31T15:30:09.301Z] [runtime-status] [607751] Attempting to listen to socketPath: /tmp/fire_emu_607751.sock {"metadata":{"emulator":{"name":"functions"},"function":{"name":"us-central1-geocode"},"message":"[runtime-status] [607751] Attempting to listen to socketPath: /tmp/fire_emu_607751.sock"}}
[debug] [2021-05-31T15:30:09.301Z] [functions] Runtime ready! Sending request! {"metadata":{"emulator":{"name":"functions"},"message":"[functions] Runtime ready! Sending request!"}}
[debug] [2021-05-31T15:30:09.301Z] [functions] Got req.url=/mealstogo-1cc16/us-central1/geocode?city=antwerp&mock=false, mapping to path=/?city=antwerp&mock=false {"metadata":{"emulator":{"name":"functions"},"message":"[functions] Got req.url=/mealstogo-1cc16/us-central1/geocode?city=antwerp&mock=false, mapping to path=/?city=antwerp&mock=false"}}
[debug] [2021-05-31T15:30:09.303Z] [runtime-status] [607751] Ephemeral server handling GET request {"metadata":{"emulator":{"name":"functions"},"function":{"name":"us-central1-geocode"},"message":"[runtime-status] [607751] Ephemeral server handling GET request"}}
[debug] [2021-05-31T15:30:09.303Z] [runtime-status] [607751] Ephemeral server survived. {"metadata":{"emulator":{"name":"functions"},"function":{"name":"us-central1-geocode"},"message":"[runtime-status] [607751] Ephemeral server survived."}}
[info] i  functions: Finished "us-central1-geocode" in ~1s {"metadata":{"emulator":{"name":"functions"},"function":{"name":"us-central1-geocode"},"message":"Finished \"us-central1-geocode\" in ~1s"}}
[debug] [2021-05-31T15:30:09.345Z] [worker-us-central1-geocode-140ae162-71db-47e0-90e7-024a6902be21]: IDLE {"metadata":{"emulator":{"name":"functions"},"message":"[worker-us-central1-geocode-140ae162-71db-47e0-90e7-024a6902be21]: IDLE"}}
[debug] [2021-05-31T15:30:09.345Z] [work-queue] {"queueLength":0,"workRunningCount":0}
[debug] [2021-05-31T15:30:37.975Z] File /home/pasqat/appdev/MealsToGo/functions/geocode/index.js changed, reloading triggers {"metadata":{"emulator":{"name":"functions"},"message":"File /home/pasqat/appdev/MealsToGo/functions/geocode/index.js changed, reloading triggers"}}
[debug] [2021-05-31T15:30:38.976Z] [worker-pool] Shutting down IDLE worker (~diagnostic~) {"metadata":{"emulator":{"name":"functions"},"message":"[worker-pool] Shutting down IDLE worker (~diagnostic~)"}}
[debug] [2021-05-31T15:30:38.976Z] [worker-~diagnostic~-4d6a5ce4-5bd5-44c0-94fa-78250d8f7a25]: FINISHING {"metadata":{"emulator":{"name":"functions"},"message":"[worker-~diagnostic~-4d6a5ce4-5bd5-44c0-94fa-78250d8f7a25]: FINISHING"}}
[debug] [2021-05-31T15:30:38.976Z] [worker-pool] Shutting down IDLE worker (us-central1-geocode) {"metadata":{"emulator":{"name":"functions"},"message":"[worker-pool] Shutting down IDLE worker (us-central1-geocode)"}}
[debug] [2021-05-31T15:30:38.977Z] [worker-us-central1-geocode-140ae162-71db-47e0-90e7-024a6902be21]: FINISHING {"metadata":{"emulator":{"name":"functions"},"message":"[worker-us-central1-geocode-140ae162-71db-47e0-90e7-024a6902be21]: FINISHING"}}
[debug] [2021-05-31T15:30:38.981Z] [worker-pool] addWorker(~diagnostic~) {"metadata":{"emulator":{"name":"functions"},"message":"[worker-pool] addWorker(~diagnostic~)"}}
[debug] [2021-05-31T15:30:38.981Z] [worker-pool] Adding worker with key ~diagnostic~, total=2 {"metadata":{"emulator":{"name":"functions"},"message":"[worker-pool] Adding worker with key ~diagnostic~, total=2"}}
[debug] [2021-05-31T15:30:38.981Z] [worker-pool] submitWork(triggerId=) {"metadata":{"emulator":{"name":"functions"},"message":"[worker-pool] submitWork(triggerId=)"}}
[debug] [2021-05-31T15:30:38.981Z] [worker-~diagnostic~-abe5e10b-82b4-4b35-ae09-25e73ae49699]: Assigning socketPath: /tmp/fire_emu_610674.sock {"metadata":{"emulator":{"name":"functions"},"message":"[worker-~diagnostic~-abe5e10b-82b4-4b35-ae09-25e73ae49699]: Assigning socketPath: /tmp/fire_emu_610674.sock"}}
[debug] [2021-05-31T15:30:38.981Z] [worker-~diagnostic~-abe5e10b-82b4-4b35-ae09-25e73ae49699]: BUSY {"metadata":{"emulator":{"name":"functions"},"message":"[worker-~diagnostic~-abe5e10b-82b4-4b35-ae09-25e73ae49699]: BUSY"}}
[debug] [2021-05-31T15:30:38.982Z] [worker-~diagnostic~-4d6a5ce4-5bd5-44c0-94fa-78250d8f7a25]: exited {"metadata":{"emulator":{"name":"functions"},"message":"[worker-~diagnostic~-4d6a5ce4-5bd5-44c0-94fa-78250d8f7a25]: exited"}}
[debug] [2021-05-31T15:30:38.982Z] [worker-~diagnostic~-4d6a5ce4-5bd5-44c0-94fa-78250d8f7a25]: FINISHED {"metadata":{"emulator":{"name":"functions"},"message":"[worker-~diagnostic~-4d6a5ce4-5bd5-44c0-94fa-78250d8f7a25]: FINISHED"}}
[debug] [2021-05-31T15:30:38.982Z] [worker-us-central1-geocode-140ae162-71db-47e0-90e7-024a6902be21]: exited {"metadata":{"emulator":{"name":"functions"},"message":"[worker-us-central1-geocode-140ae162-71db-47e0-90e7-024a6902be21]: exited"}}
[debug] [2021-05-31T15:30:38.983Z] [worker-us-central1-geocode-140ae162-71db-47e0-90e7-024a6902be21]: FINISHED {"metadata":{"emulator":{"name":"functions"},"message":"[worker-us-central1-geocode-140ae162-71db-47e0-90e7-024a6902be21]: FINISHED"}}
[debug] [2021-05-31T15:30:39.067Z] [runtime-status] [610674] Functions runtime initialized. {"cwd":"/home/pasqat/appdev/MealsToGo/functions","node_version":"14.17.0"} {"metadata":{"emulator":{"name":"functions"},"message":"[runtime-status] [610674] Functions runtime initialized. {\"cwd\":\"/home/pasqat/appdev/MealsToGo/functions\",\"node_version\":\"14.17.0\"}"}}
[debug] [2021-05-31T15:30:39.068Z] [runtime-status] [610674] Disabled runtime features: undefined {"metadata":{"emulator":{"name":"functions"},"message":"[runtime-status] [610674] Disabled runtime features: undefined"}}
[debug] [2021-05-31T15:30:39.070Z] [runtime-status] [610674] Resolved module firebase-admin {"declared":true,"installed":true,"version":"9.9.0","resolution":"/home/pasqat/appdev/MealsToGo/functions/node_modules/firebase-admin/lib/index.js"} {"metadata":{"emulator":{"name":"functions"},"message":"[runtime-status] [610674] Resolved module firebase-admin {\"declared\":true,\"installed\":true,\"version\":\"9.9.0\",\"resolution\":\"/home/pasqat/appdev/MealsToGo/functions/node_modules/firebase-admin/lib/index.js\"}"}}
[debug] [2021-05-31T15:30:39.071Z] [runtime-status] [610674] Resolved module firebase-functions {"declared":true,"installed":true,"version":"3.14.1","resolution":"/home/pasqat/appdev/MealsToGo/functions/node_modules/firebase-functions/lib/index.js"} {"metadata":{"emulator":{"name":"functions"},"message":"[runtime-status] [610674] Resolved module firebase-functions {\"declared\":true,\"installed\":true,\"version\":\"3.14.1\",\"resolution\":\"/home/pasqat/appdev/MealsToGo/functions/node_modules/firebase-functions/lib/index.js\"}"}}
[debug] [2021-05-31T15:30:39.072Z] [runtime-status] [610674] Found local functions config: /home/pasqat/appdev/MealsToGo/functions/.runtimeconfig.json {"metadata":{"emulator":{"name":"functions"},"message":"[runtime-status] [610674] Found local functions config: /home/pasqat/appdev/MealsToGo/functions/.runtimeconfig.json"}}
[debug] [2021-05-31T15:30:39.072Z] [runtime-status] [610674] Resolved module firebase-functions {"declared":true,"installed":true,"version":"3.14.1","resolution":"/home/pasqat/appdev/MealsToGo/functions/node_modules/firebase-functions/lib/index.js"} {"metadata":{"emulator":{"name":"functions"},"message":"[runtime-status] [610674] Resolved module firebase-functions {\"declared\":true,\"installed\":true,\"version\":\"3.14.1\",\"resolution\":\"/home/pasqat/appdev/MealsToGo/functions/node_modules/firebase-functions/lib/index.js\"}"}}
[debug] [2021-05-31T15:30:39.073Z] [runtime-status] [610674] Outgoing network have been stubbed. [{"name":"http","status":"mocked"},{"name":"http","status":"mocked"},{"name":"https","status":"mocked"},{"name":"https","status":"mocked"},{"name":"net","status":"mocked"}] {"metadata":{"emulator":{"name":"functions"},"message":"[runtime-status] [610674] Outgoing network have been stubbed. [{\"name\":\"http\",\"status\":\"mocked\"},{\"name\":\"http\",\"status\":\"mocked\"},{\"name\":\"https\",\"status\":\"mocked\"},{\"name\":\"https\",\"status\":\"mocked\"},{\"name\":\"net\",\"status\":\"mocked\"}]"}}
[debug] [2021-05-31T15:30:39.074Z] [runtime-status] [610674] Resolved module firebase-functions {"declared":true,"installed":true,"version":"3.14.1","resolution":"/home/pasqat/appdev/MealsToGo/functions/node_modules/firebase-functions/lib/index.js"} {"metadata":{"emulator":{"name":"functions"},"message":"[runtime-status] [610674] Resolved module firebase-functions {\"declared\":true,\"installed\":true,\"version\":\"3.14.1\",\"resolution\":\"/home/pasqat/appdev/MealsToGo/functions/node_modules/firebase-functions/lib/index.js\"}"}}
[debug] [2021-05-31T15:30:39.093Z] [runtime-status] [610674] Checked functions.config() {"config":{"google":{"key":"AIzaSyAXw0whQHOYVXo6U827rVtNI9vbG3kAmPg"}}} {"metadata":{"emulator":{"name":"functions"},"message":"[runtime-status] [610674] Checked functions.config() {\"config\":{\"google\":{\"key\":\"AIzaSyAXw0whQHOYVXo6U827rVtNI9vbG3kAmPg\"}}}"}}
[debug] [2021-05-31T15:30:39.093Z] [runtime-status] [610674] firebase-functions has been stubbed. {"functionsResolution":{"declared":true,"installed":true,"version":"3.14.1","resolution":"/home/pasqat/appdev/MealsToGo/functions/node_modules/firebase-functions/lib/index.js"}} {"metadata":{"emulator":{"name":"functions"},"message":"[runtime-status] [610674] firebase-functions has been stubbed. {\"functionsResolution\":{\"declared\":true,\"installed\":true,\"version\":\"3.14.1\",\"resolution\":\"/home/pasqat/appdev/MealsToGo/functions/node_modules/firebase-functions/lib/index.js\"}}"}}
[debug] [2021-05-31T15:30:39.094Z] [runtime-status] [610674] Resolved module firebase-functions {"declared":true,"installed":true,"version":"3.14.1","resolution":"/home/pasqat/appdev/MealsToGo/functions/node_modules/firebase-functions/lib/index.js"} {"metadata":{"emulator":{"name":"functions"},"message":"[runtime-status] [610674] Resolved module firebase-functions {\"declared\":true,\"installed\":true,\"version\":\"3.14.1\",\"resolution\":\"/home/pasqat/appdev/MealsToGo/functions/node_modules/firebase-functions/lib/index.js\"}"}}
[debug] [2021-05-31T15:30:39.095Z] [runtime-status] [610674] Resolved module firebase-admin {"declared":true,"installed":true,"version":"9.9.0","resolution":"/home/pasqat/appdev/MealsToGo/functions/node_modules/firebase-admin/lib/index.js"} {"metadata":{"emulator":{"name":"functions"},"message":"[runtime-status] [610674] Resolved module firebase-admin {\"declared\":true,\"installed\":true,\"version\":\"9.9.0\",\"resolution\":\"/home/pasqat/appdev/MealsToGo/functions/node_modules/firebase-admin/lib/index.js\"}"}}
[debug] [2021-05-31T15:30:39.095Z] [runtime-status] [610674] Resolved module firebase-functions {"declared":true,"installed":true,"version":"3.14.1","resolution":"/home/pasqat/appdev/MealsToGo/functions/node_modules/firebase-functions/lib/index.js"} {"metadata":{"emulator":{"name":"functions"},"message":"[runtime-status] [610674] Resolved module firebase-functions {\"declared\":true,\"installed\":true,\"version\":\"3.14.1\",\"resolution\":\"/home/pasqat/appdev/MealsToGo/functions/node_modules/firebase-functions/lib/index.js\"}"}}
[debug] [2021-05-31T15:30:39.095Z] [runtime-status] [610674] firebase-admin has been stubbed. {"adminResolution":{"declared":true,"installed":true,"version":"9.9.0","resolution":"/home/pasqat/appdev/MealsToGo/functions/node_modules/firebase-admin/lib/index.js"}} {"metadata":{"emulator":{"name":"functions"},"message":"[runtime-status] [610674] firebase-admin has been stubbed. {\"adminResolution\":{\"declared\":true,\"installed\":true,\"version\":\"9.9.0\",\"resolution\":\"/home/pasqat/appdev/MealsToGo/functions/node_modules/firebase-admin/lib/index.js\"}}"}}
[debug] [2021-05-31T15:30:39.118Z] [worker-~diagnostic~-abe5e10b-82b4-4b35-ae09-25e73ae49699]: IDLE {"metadata":{"emulator":{"name":"functions"},"message":"[worker-~diagnostic~-abe5e10b-82b4-4b35-ae09-25e73ae49699]: IDLE"}}
[debug] [2021-05-31T15:30:45.790Z] File /home/pasqat/appdev/MealsToGo/functions/geocode/index.js changed, reloading triggers {"metadata":{"emulator":{"name":"functions"},"message":"File /home/pasqat/appdev/MealsToGo/functions/geocode/index.js changed, reloading triggers"}}
[debug] [2021-05-31T15:30:46.791Z] [worker-pool] Shutting down IDLE worker (~diagnostic~) {"metadata":{"emulator":{"name":"functions"},"message":"[worker-pool] Shutting down IDLE worker (~diagnostic~)"}}
[debug] [2021-05-31T15:30:46.791Z] [worker-~diagnostic~-abe5e10b-82b4-4b35-ae09-25e73ae49699]: FINISHING {"metadata":{"emulator":{"name":"functions"},"message":"[worker-~diagnostic~-abe5e10b-82b4-4b35-ae09-25e73ae49699]: FINISHING"}}
[debug] [2021-05-31T15:30:46.792Z] [worker-pool] Cleaned up workers for ~diagnostic~: 2 --> 1 {"metadata":{"emulator":{"name":"functions"},"message":"[worker-pool] Cleaned up workers for ~diagnostic~: 2 --> 1"}}
[debug] [2021-05-31T15:30:46.793Z] [worker-pool] Cleaned up workers for us-central1-geocode: 1 --> 0 {"metadata":{"emulator":{"name":"functions"},"message":"[worker-pool] Cleaned up workers for us-central1-geocode: 1 --> 0"}}
[debug] [2021-05-31T15:30:46.799Z] [worker-pool] addWorker(~diagnostic~) {"metadata":{"emulator":{"name":"functions"},"message":"[worker-pool] addWorker(~diagnostic~)"}}
[debug] [2021-05-31T15:30:46.799Z] [worker-pool] Adding worker with key ~diagnostic~, total=2 {"metadata":{"emulator":{"name":"functions"},"message":"[worker-pool] Adding worker with key ~diagnostic~, total=2"}}
[debug] [2021-05-31T15:30:46.799Z] [worker-pool] submitWork(triggerId=) {"metadata":{"emulator":{"name":"functions"},"message":"[worker-pool] submitWork(triggerId=)"}}
[debug] [2021-05-31T15:30:46.799Z] [worker-~diagnostic~-4c1c4c3d-c75c-4214-b1a7-b8bd69d037f4]: Assigning socketPath: /tmp/fire_emu_610822.sock {"metadata":{"emulator":{"name":"functions"},"message":"[worker-~diagnostic~-4c1c4c3d-c75c-4214-b1a7-b8bd69d037f4]: Assigning socketPath: /tmp/fire_emu_610822.sock"}}
[debug] [2021-05-31T15:30:46.799Z] [worker-~diagnostic~-4c1c4c3d-c75c-4214-b1a7-b8bd69d037f4]: BUSY {"metadata":{"emulator":{"name":"functions"},"message":"[worker-~diagnostic~-4c1c4c3d-c75c-4214-b1a7-b8bd69d037f4]: BUSY"}}
[debug] [2021-05-31T15:30:46.800Z] [worker-~diagnostic~-abe5e10b-82b4-4b35-ae09-25e73ae49699]: exited {"metadata":{"emulator":{"name":"functions"},"message":"[worker-~diagnostic~-abe5e10b-82b4-4b35-ae09-25e73ae49699]: exited"}}
[debug] [2021-05-31T15:30:46.800Z] [worker-~diagnostic~-abe5e10b-82b4-4b35-ae09-25e73ae49699]: FINISHED {"metadata":{"emulator":{"name":"functions"},"message":"[worker-~diagnostic~-abe5e10b-82b4-4b35-ae09-25e73ae49699]: FINISHED"}}
[debug] [2021-05-31T15:30:46.887Z] [runtime-status] [610822] Functions runtime initialized. {"cwd":"/home/pasqat/appdev/MealsToGo/functions","node_version":"14.17.0"} {"metadata":{"emulator":{"name":"functions"},"message":"[runtime-status] [610822] Functions runtime initialized. {\"cwd\":\"/home/pasqat/appdev/MealsToGo/functions\",\"node_version\":\"14.17.0\"}"}}
[debug] [2021-05-31T15:30:46.888Z] [runtime-status] [610822] Disabled runtime features: undefined {"metadata":{"emulator":{"name":"functions"},"message":"[runtime-status] [610822] Disabled runtime features: undefined"}}
[debug] [2021-05-31T15:30:46.889Z] [runtime-status] [610822] Resolved module firebase-admin {"declared":true,"installed":true,"version":"9.9.0","resolution":"/home/pasqat/appdev/MealsToGo/functions/node_modules/firebase-admin/lib/index.js"} {"metadata":{"emulator":{"name":"functions"},"message":"[runtime-status] [610822] Resolved module firebase-admin {\"declared\":true,\"installed\":true,\"version\":\"9.9.0\",\"resolution\":\"/home/pasqat/appdev/MealsToGo/functions/node_modules/firebase-admin/lib/index.js\"}"}}
[debug] [2021-05-31T15:30:46.890Z] [runtime-status] [610822] Resolved module firebase-functions {"declared":true,"installed":true,"version":"3.14.1","resolution":"/home/pasqat/appdev/MealsToGo/functions/node_modules/firebase-functions/lib/index.js"} {"metadata":{"emulator":{"name":"functions"},"message":"[runtime-status] [610822] Resolved module firebase-functions {\"declared\":true,\"installed\":true,\"version\":\"3.14.1\",\"resolution\":\"/home/pasqat/appdev/MealsToGo/functions/node_modules/firebase-functions/lib/index.js\"}"}}
[debug] [2021-05-31T15:30:46.891Z] [runtime-status] [610822] Found local functions config: /home/pasqat/appdev/MealsToGo/functions/.runtimeconfig.json {"metadata":{"emulator":{"name":"functions"},"message":"[runtime-status] [610822] Found local functions config: /home/pasqat/appdev/MealsToGo/functions/.runtimeconfig.json"}}
[debug] [2021-05-31T15:30:46.891Z] [runtime-status] [610822] Resolved module firebase-functions {"declared":true,"installed":true,"version":"3.14.1","resolution":"/home/pasqat/appdev/MealsToGo/functions/node_modules/firebase-functions/lib/index.js"} {"metadata":{"emulator":{"name":"functions"},"message":"[runtime-status] [610822] Resolved module firebase-functions {\"declared\":true,\"installed\":true,\"version\":\"3.14.1\",\"resolution\":\"/home/pasqat/appdev/MealsToGo/functions/node_modules/firebase-functions/lib/index.js\"}"}}
[debug] [2021-05-31T15:30:46.892Z] [runtime-status] [610822] Outgoing network have been stubbed. [{"name":"http","status":"mocked"},{"name":"http","status":"mocked"},{"name":"https","status":"mocked"},{"name":"https","status":"mocked"},{"name":"net","status":"mocked"}] {"metadata":{"emulator":{"name":"functions"},"message":"[runtime-status] [610822] Outgoing network have been stubbed. [{\"name\":\"http\",\"status\":\"mocked\"},{\"name\":\"http\",\"status\":\"mocked\"},{\"name\":\"https\",\"status\":\"mocked\"},{\"name\":\"https\",\"status\":\"mocked\"},{\"name\":\"net\",\"status\":\"mocked\"}]"}}
[debug] [2021-05-31T15:30:46.892Z] [runtime-status] [610822] Resolved module firebase-functions {"declared":true,"installed":true,"version":"3.14.1","resolution":"/home/pasqat/appdev/MealsToGo/functions/node_modules/firebase-functions/lib/index.js"} {"metadata":{"emulator":{"name":"functions"},"message":"[runtime-status] [610822] Resolved module firebase-functions {\"declared\":true,\"installed\":true,\"version\":\"3.14.1\",\"resolution\":\"/home/pasqat/appdev/MealsToGo/functions/node_modules/firebase-functions/lib/index.js\"}"}}
[debug] [2021-05-31T15:30:46.913Z] [runtime-status] [610822] Checked functions.config() {"config":{"google":{"key":"AIzaSyAXw0whQHOYVXo6U827rVtNI9vbG3kAmPg"}}} {"metadata":{"emulator":{"name":"functions"},"message":"[runtime-status] [610822] Checked functions.config() {\"config\":{\"google\":{\"key\":\"AIzaSyAXw0whQHOYVXo6U827rVtNI9vbG3kAmPg\"}}}"}}
[debug] [2021-05-31T15:30:46.913Z] [runtime-status] [610822] firebase-functions has been stubbed. {"functionsResolution":{"declared":true,"installed":true,"version":"3.14.1","resolution":"/home/pasqat/appdev/MealsToGo/functions/node_modules/firebase-functions/lib/index.js"}} {"metadata":{"emulator":{"name":"functions"},"message":"[runtime-status] [610822] firebase-functions has been stubbed. {\"functionsResolution\":{\"declared\":true,\"installed\":true,\"version\":\"3.14.1\",\"resolution\":\"/home/pasqat/appdev/MealsToGo/functions/node_modules/firebase-functions/lib/index.js\"}}"}}
[debug] [2021-05-31T15:30:46.914Z] [runtime-status] [610822] Resolved module firebase-functions {"declared":true,"installed":true,"version":"3.14.1","resolution":"/home/pasqat/appdev/MealsToGo/functions/node_modules/firebase-functions/lib/index.js"} {"metadata":{"emulator":{"name":"functions"},"message":"[runtime-status] [610822] Resolved module firebase-functions {\"declared\":true,\"installed\":true,\"version\":\"3.14.1\",\"resolution\":\"/home/pasqat/appdev/MealsToGo/functions/node_modules/firebase-functions/lib/index.js\"}"}}
[debug] [2021-05-31T15:30:46.914Z] [runtime-status] [610822] Resolved module firebase-admin {"declared":true,"installed":true,"version":"9.9.0","resolution":"/home/pasqat/appdev/MealsToGo/functions/node_modules/firebase-admin/lib/index.js"} {"metadata":{"emulator":{"name":"functions"},"message":"[runtime-status] [610822] Resolved module firebase-admin {\"declared\":true,\"installed\":true,\"version\":\"9.9.0\",\"resolution\":\"/home/pasqat/appdev/MealsToGo/functions/node_modules/firebase-admin/lib/index.js\"}"}}
[debug] [2021-05-31T15:30:46.914Z] [runtime-status] [610822] Resolved module firebase-functions {"declared":true,"installed":true,"version":"3.14.1","resolution":"/home/pasqat/appdev/MealsToGo/functions/node_modules/firebase-functions/lib/index.js"} {"metadata":{"emulator":{"name":"functions"},"message":"[runtime-status] [610822] Resolved module firebase-functions {\"declared\":true,\"installed\":true,\"version\":\"3.14.1\",\"resolution\":\"/home/pasqat/appdev/MealsToGo/functions/node_modules/firebase-functions/lib/index.js\"}"}}
[debug] [2021-05-31T15:30:46.914Z] [runtime-status] [610822] firebase-admin has been stubbed. {"adminResolution":{"declared":true,"installed":true,"version":"9.9.0","resolution":"/home/pasqat/appdev/MealsToGo/functions/node_modules/firebase-admin/lib/index.js"}} {"metadata":{"emulator":{"name":"functions"},"message":"[runtime-status] [610822] firebase-admin has been stubbed. {\"adminResolution\":{\"declared\":true,\"installed\":true,\"version\":\"9.9.0\",\"resolution\":\"/home/pasqat/appdev/MealsToGo/functions/node_modules/firebase-admin/lib/index.js\"}}"}}
[debug] [2021-05-31T15:30:46.937Z] [worker-~diagnostic~-4c1c4c3d-c75c-4214-b1a7-b8bd69d037f4]: IDLE {"metadata":{"emulator":{"name":"functions"},"message":"[worker-~diagnostic~-4c1c4c3d-c75c-4214-b1a7-b8bd69d037f4]: IDLE"}}
[debug] [2021-05-31T15:31:04.395Z] [work-queue] {"queueLength":1,"workRunningCount":0}
[debug] [2021-05-31T15:31:04.395Z] [work-queue] {"queueLength":0,"workRunningCount":1}
[debug] [2021-05-31T15:31:04.395Z] Accepted request GET /mealstogo-1cc16/us-central1/geocode?city=antwerp&mock=false --> us-central1-geocode
[debug] [2021-05-31T15:31:04.395Z] [worker-pool] Cleaned up workers for ~diagnostic~: 2 --> 1 {"metadata":{"emulator":{"name":"functions"},"message":"[worker-pool] Cleaned up workers for ~diagnostic~: 2 --> 1"}}
[debug] [2021-05-31T15:31:04.399Z] [worker-pool] addWorker(us-central1-geocode) {"metadata":{"emulator":{"name":"functions"},"message":"[worker-pool] addWorker(us-central1-geocode)"}}
[debug] [2021-05-31T15:31:04.399Z] [worker-pool] Adding worker with key us-central1-geocode, total=1 {"metadata":{"emulator":{"name":"functions"},"message":"[worker-pool] Adding worker with key us-central1-geocode, total=1"}}
[debug] [2021-05-31T15:31:04.399Z] [worker-pool] submitWork(triggerId=us-central1-geocode) {"metadata":{"emulator":{"name":"functions"},"message":"[worker-pool] submitWork(triggerId=us-central1-geocode)"}}
[debug] [2021-05-31T15:31:04.399Z] [worker-us-central1-geocode-cca05b88-895c-4cba-8c59-2cfedc98a52e]: Assigning socketPath: /tmp/fire_emu_611164.sock {"metadata":{"emulator":{"name":"functions"},"message":"[worker-us-central1-geocode-cca05b88-895c-4cba-8c59-2cfedc98a52e]: Assigning socketPath: /tmp/fire_emu_611164.sock"}}
[debug] [2021-05-31T15:31:04.399Z] [worker-us-central1-geocode-cca05b88-895c-4cba-8c59-2cfedc98a52e]: BUSY {"metadata":{"emulator":{"name":"functions"},"message":"[worker-us-central1-geocode-cca05b88-895c-4cba-8c59-2cfedc98a52e]: BUSY"}}
[debug] [2021-05-31T15:31:04.487Z] [runtime-status] [611164] Functions runtime initialized. {"cwd":"/home/pasqat/appdev/MealsToGo/functions","node_version":"14.17.0"} {"metadata":{"emulator":{"name":"functions"},"function":{"name":"us-central1-geocode"},"message":"[runtime-status] [611164] Functions runtime initialized. {\"cwd\":\"/home/pasqat/appdev/MealsToGo/functions\",\"node_version\":\"14.17.0\"}"}}
[debug] [2021-05-31T15:31:04.488Z] [runtime-status] [611164] Disabled runtime features: undefined {"metadata":{"emulator":{"name":"functions"},"function":{"name":"us-central1-geocode"},"message":"[runtime-status] [611164] Disabled runtime features: undefined"}}
[debug] [2021-05-31T15:31:04.490Z] [runtime-status] [611164] Resolved module firebase-admin {"declared":true,"installed":true,"version":"9.9.0","resolution":"/home/pasqat/appdev/MealsToGo/functions/node_modules/firebase-admin/lib/index.js"} {"metadata":{"emulator":{"name":"functions"},"function":{"name":"us-central1-geocode"},"message":"[runtime-status] [611164] Resolved module firebase-admin {\"declared\":true,\"installed\":true,\"version\":\"9.9.0\",\"resolution\":\"/home/pasqat/appdev/MealsToGo/functions/node_modules/firebase-admin/lib/index.js\"}"}}
[debug] [2021-05-31T15:31:04.492Z] [runtime-status] [611164] Resolved module firebase-functions {"declared":true,"installed":true,"version":"3.14.1","resolution":"/home/pasqat/appdev/MealsToGo/functions/node_modules/firebase-functions/lib/index.js"} {"metadata":{"emulator":{"name":"functions"},"function":{"name":"us-central1-geocode"},"message":"[runtime-status] [611164] Resolved module firebase-functions {\"declared\":true,\"installed\":true,\"version\":\"3.14.1\",\"resolution\":\"/home/pasqat/appdev/MealsToGo/functions/node_modules/firebase-functions/lib/index.js\"}"}}
[debug] [2021-05-31T15:31:04.492Z] [runtime-status] [611164] Found local functions config: /home/pasqat/appdev/MealsToGo/functions/.runtimeconfig.json {"metadata":{"emulator":{"name":"functions"},"function":{"name":"us-central1-geocode"},"message":"[runtime-status] [611164] Found local functions config: /home/pasqat/appdev/MealsToGo/functions/.runtimeconfig.json"}}
[debug] [2021-05-31T15:31:04.492Z] [runtime-status] [611164] Resolved module firebase-functions {"declared":true,"installed":true,"version":"3.14.1","resolution":"/home/pasqat/appdev/MealsToGo/functions/node_modules/firebase-functions/lib/index.js"} {"metadata":{"emulator":{"name":"functions"},"function":{"name":"us-central1-geocode"},"message":"[runtime-status] [611164] Resolved module firebase-functions {\"declared\":true,\"installed\":true,\"version\":\"3.14.1\",\"resolution\":\"/home/pasqat/appdev/MealsToGo/functions/node_modules/firebase-functions/lib/index.js\"}"}}
[debug] [2021-05-31T15:31:04.493Z] [runtime-status] [611164] Outgoing network have been stubbed. [{"name":"http","status":"mocked"},{"name":"http","status":"mocked"},{"name":"https","status":"mocked"},{"name":"https","status":"mocked"},{"name":"net","status":"mocked"}] {"metadata":{"emulator":{"name":"functions"},"function":{"name":"us-central1-geocode"},"message":"[runtime-status] [611164] Outgoing network have been stubbed. [{\"name\":\"http\",\"status\":\"mocked\"},{\"name\":\"http\",\"status\":\"mocked\"},{\"name\":\"https\",\"status\":\"mocked\"},{\"name\":\"https\",\"status\":\"mocked\"},{\"name\":\"net\",\"status\":\"mocked\"}]"}}
[debug] [2021-05-31T15:31:04.493Z] [runtime-status] [611164] Resolved module firebase-functions {"declared":true,"installed":true,"version":"3.14.1","resolution":"/home/pasqat/appdev/MealsToGo/functions/node_modules/firebase-functions/lib/index.js"} {"metadata":{"emulator":{"name":"functions"},"function":{"name":"us-central1-geocode"},"message":"[runtime-status] [611164] Resolved module firebase-functions {\"declared\":true,\"installed\":true,\"version\":\"3.14.1\",\"resolution\":\"/home/pasqat/appdev/MealsToGo/functions/node_modules/firebase-functions/lib/index.js\"}"}}
[debug] [2021-05-31T15:31:04.514Z] [runtime-status] [611164] Checked functions.config() {"config":{"google":{"key":"AIzaSyAXw0whQHOYVXo6U827rVtNI9vbG3kAmPg"}}} {"metadata":{"emulator":{"name":"functions"},"function":{"name":"us-central1-geocode"},"message":"[runtime-status] [611164] Checked functions.config() {\"config\":{\"google\":{\"key\":\"AIzaSyAXw0whQHOYVXo6U827rVtNI9vbG3kAmPg\"}}}"}}
[debug] [2021-05-31T15:31:04.514Z] [runtime-status] [611164] firebase-functions has been stubbed. {"functionsResolution":{"declared":true,"installed":true,"version":"3.14.1","resolution":"/home/pasqat/appdev/MealsToGo/functions/node_modules/firebase-functions/lib/index.js"}} {"metadata":{"emulator":{"name":"functions"},"function":{"name":"us-central1-geocode"},"message":"[runtime-status] [611164] firebase-functions has been stubbed. {\"functionsResolution\":{\"declared\":true,\"installed\":true,\"version\":\"3.14.1\",\"resolution\":\"/home/pasqat/appdev/MealsToGo/functions/node_modules/firebase-functions/lib/index.js\"}}"}}
[debug] [2021-05-31T15:31:04.514Z] [runtime-status] [611164] Resolved module firebase-functions {"declared":true,"installed":true,"version":"3.14.1","resolution":"/home/pasqat/appdev/MealsToGo/functions/node_modules/firebase-functions/lib/index.js"} {"metadata":{"emulator":{"name":"functions"},"function":{"name":"us-central1-geocode"},"message":"[runtime-status] [611164] Resolved module firebase-functions {\"declared\":true,\"installed\":true,\"version\":\"3.14.1\",\"resolution\":\"/home/pasqat/appdev/MealsToGo/functions/node_modules/firebase-functions/lib/index.js\"}"}}
[debug] [2021-05-31T15:31:04.515Z] [runtime-status] [611164] Resolved module firebase-admin {"declared":true,"installed":true,"version":"9.9.0","resolution":"/home/pasqat/appdev/MealsToGo/functions/node_modules/firebase-admin/lib/index.js"} {"metadata":{"emulator":{"name":"functions"},"function":{"name":"us-central1-geocode"},"message":"[runtime-status] [611164] Resolved module firebase-admin {\"declared\":true,\"installed\":true,\"version\":\"9.9.0\",\"resolution\":\"/home/pasqat/appdev/MealsToGo/functions/node_modules/firebase-admin/lib/index.js\"}"}}
[debug] [2021-05-31T15:31:04.515Z] [runtime-status] [611164] Resolved module firebase-functions {"declared":true,"installed":true,"version":"3.14.1","resolution":"/home/pasqat/appdev/MealsToGo/functions/node_modules/firebase-functions/lib/index.js"} {"metadata":{"emulator":{"name":"functions"},"function":{"name":"us-central1-geocode"},"message":"[runtime-status] [611164] Resolved module firebase-functions {\"declared\":true,\"installed\":true,\"version\":\"3.14.1\",\"resolution\":\"/home/pasqat/appdev/MealsToGo/functions/node_modules/firebase-functions/lib/index.js\"}"}}
[debug] [2021-05-31T15:31:04.515Z] [runtime-status] [611164] firebase-admin has been stubbed. {"adminResolution":{"declared":true,"installed":true,"version":"9.9.0","resolution":"/home/pasqat/appdev/MealsToGo/functions/node_modules/firebase-admin/lib/index.js"}} {"metadata":{"emulator":{"name":"functions"},"function":{"name":"us-central1-geocode"},"message":"[runtime-status] [611164] firebase-admin has been stubbed. {\"adminResolution\":{\"declared\":true,\"installed\":true,\"version\":\"9.9.0\",\"resolution\":\"/home/pasqat/appdev/MealsToGo/functions/node_modules/firebase-admin/lib/index.js\"}}"}}
[debug] [2021-05-31T15:31:04.538Z] [runtime-status] [611164] Trigger "us-central1-geocode" has been found, beginning invocation! {"metadata":{"emulator":{"name":"functions"},"function":{"name":"us-central1-geocode"},"message":"[runtime-status] [611164] Trigger \"us-central1-geocode\" has been found, beginning invocation!"}}
[info] i  functions: Beginning execution of "us-central1-geocode" {"metadata":{"emulator":{"name":"functions"},"function":{"name":"us-central1-geocode"},"message":"Beginning execution of \"us-central1-geocode\""}}
[debug] [2021-05-31T15:31:04.538Z] [runtime-status] [611164] triggerDefinition {"httpsTrigger":{},"name":"geocode","entryPoint":"geocode","regions":["us-central1"],"region":"us-central1","id":"us-central1-geocode"} {"metadata":{"emulator":{"name":"functions"},"function":{"name":"us-central1-geocode"},"message":"[runtime-status] [611164] triggerDefinition {\"httpsTrigger\":{},\"name\":\"geocode\",\"entryPoint\":\"geocode\",\"regions\":[\"us-central1\"],\"region\":\"us-central1\",\"id\":\"us-central1-geocode\"}"}}
[debug] [2021-05-31T15:31:04.539Z] [runtime-status] [611164] Running us-central1-geocode in mode HTTPS {"metadata":{"emulator":{"name":"functions"},"function":{"name":"us-central1-geocode"},"message":"[runtime-status] [611164] Running us-central1-geocode in mode HTTPS"}}
[debug] [2021-05-31T15:31:04.544Z] [runtime-status] [611164] Attempting to listen to socketPath: /tmp/fire_emu_611164.sock {"metadata":{"emulator":{"name":"functions"},"function":{"name":"us-central1-geocode"},"message":"[runtime-status] [611164] Attempting to listen to socketPath: /tmp/fire_emu_611164.sock"}}
[debug] [2021-05-31T15:31:04.545Z] [functions] Runtime ready! Sending request! {"metadata":{"emulator":{"name":"functions"},"message":"[functions] Runtime ready! Sending request!"}}
[debug] [2021-05-31T15:31:04.546Z] [functions] Got req.url=/mealstogo-1cc16/us-central1/geocode?city=antwerp&mock=false, mapping to path=/?city=antwerp&mock=false {"metadata":{"emulator":{"name":"functions"},"message":"[functions] Got req.url=/mealstogo-1cc16/us-central1/geocode?city=antwerp&mock=false, mapping to path=/?city=antwerp&mock=false"}}
[debug] [2021-05-31T15:31:04.550Z] [runtime-status] [611164] Ephemeral server handling GET request {"metadata":{"emulator":{"name":"functions"},"function":{"name":"us-central1-geocode"},"message":"[runtime-status] [611164] Ephemeral server handling GET request"}}
[debug] [2021-05-31T15:31:04.563Z] [runtime-status] [611164] Ephemeral server survived. {"metadata":{"emulator":{"name":"functions"},"function":{"name":"us-central1-geocode"},"message":"[runtime-status] [611164] Ephemeral server survived."}}
[info] i  functions: Finished "us-central1-geocode" in ~1s {"metadata":{"emulator":{"name":"functions"},"function":{"name":"us-central1-geocode"},"message":"Finished \"us-central1-geocode\" in ~1s"}}
[debug] [2021-05-31T15:31:04.954Z] [worker-us-central1-geocode-cca05b88-895c-4cba-8c59-2cfedc98a52e]: IDLE {"metadata":{"emulator":{"name":"functions"},"message":"[worker-us-central1-geocode-cca05b88-895c-4cba-8c59-2cfedc98a52e]: IDLE"}}
[debug] [2021-05-31T15:31:04.954Z] [work-queue] {"queueLength":0,"workRunningCount":0}
[debug] [2021-05-31T15:31:13.424Z] [work-queue] {"queueLength":1,"workRunningCount":0}
[debug] [2021-05-31T15:31:13.424Z] [work-queue] {"queueLength":0,"workRunningCount":1}
[debug] [2021-05-31T15:31:13.424Z] Accepted request GET /mealstogo-1cc16/us-central1/geocode?city=alberobello&mock=false --> us-central1-geocode
[debug] [2021-05-31T15:31:13.425Z] [worker-pool] submitWork(triggerId=us-central1-geocode) {"metadata":{"emulator":{"name":"functions"},"message":"[worker-pool] submitWork(triggerId=us-central1-geocode)"}}
[debug] [2021-05-31T15:31:13.425Z] [worker-us-central1-geocode-cca05b88-895c-4cba-8c59-2cfedc98a52e]: Assigning socketPath: /tmp/fire_emu_611164.sock {"metadata":{"emulator":{"name":"functions"},"message":"[worker-us-central1-geocode-cca05b88-895c-4cba-8c59-2cfedc98a52e]: Assigning socketPath: /tmp/fire_emu_611164.sock"}}
[debug] [2021-05-31T15:31:13.425Z] [worker-us-central1-geocode-cca05b88-895c-4cba-8c59-2cfedc98a52e]: BUSY {"metadata":{"emulator":{"name":"functions"},"message":"[worker-us-central1-geocode-cca05b88-895c-4cba-8c59-2cfedc98a52e]: BUSY"}}
[debug] [2021-05-31T15:31:13.425Z] [runtime-status] [611164] Trigger "us-central1-geocode" has been found, beginning invocation! {"metadata":{"emulator":{"name":"functions"},"function":{"name":"us-central1-geocode"},"message":"[runtime-status] [611164] Trigger \"us-central1-geocode\" has been found, beginning invocation!"}}
[info] i  functions: Beginning execution of "us-central1-geocode" {"metadata":{"emulator":{"name":"functions"},"function":{"name":"us-central1-geocode"},"message":"Beginning execution of \"us-central1-geocode\""}}
[debug] [2021-05-31T15:31:13.426Z] [runtime-status] [611164] triggerDefinition {"httpsTrigger":{},"name":"geocode","entryPoint":"geocode","regions":["us-central1"],"region":"us-central1","id":"us-central1-geocode"} {"metadata":{"emulator":{"name":"functions"},"function":{"name":"us-central1-geocode"},"message":"[runtime-status] [611164] triggerDefinition {\"httpsTrigger\":{},\"name\":\"geocode\",\"entryPoint\":\"geocode\",\"regions\":[\"us-central1\"],\"region\":\"us-central1\",\"id\":\"us-central1-geocode\"}"}}
[debug] [2021-05-31T15:31:13.426Z] [runtime-status] [611164] Running us-central1-geocode in mode HTTPS {"metadata":{"emulator":{"name":"functions"},"function":{"name":"us-central1-geocode"},"message":"[runtime-status] [611164] Running us-central1-geocode in mode HTTPS"}}
[debug] [2021-05-31T15:31:13.426Z] [runtime-status] [611164] Attempting to listen to socketPath: /tmp/fire_emu_611164.sock {"metadata":{"emulator":{"name":"functions"},"function":{"name":"us-central1-geocode"},"message":"[runtime-status] [611164] Attempting to listen to socketPath: /tmp/fire_emu_611164.sock"}}
[debug] [2021-05-31T15:31:13.426Z] [functions] Runtime ready! Sending request! {"metadata":{"emulator":{"name":"functions"},"message":"[functions] Runtime ready! Sending request!"}}
[debug] [2021-05-31T15:31:13.426Z] [functions] Got req.url=/mealstogo-1cc16/us-central1/geocode?city=alberobello&mock=false, mapping to path=/?city=alberobello&mock=false {"metadata":{"emulator":{"name":"functions"},"message":"[functions] Got req.url=/mealstogo-1cc16/us-central1/geocode?city=alberobello&mock=false, mapping to path=/?city=alberobello&mock=false"}}
[debug] [2021-05-31T15:31:13.428Z] [runtime-status] [611164] Ephemeral server handling GET request {"metadata":{"emulator":{"name":"functions"},"function":{"name":"us-central1-geocode"},"message":"[runtime-status] [611164] Ephemeral server handling GET request"}}
[debug] [2021-05-31T15:31:13.429Z] [runtime-status] [611164] Ephemeral server survived. {"metadata":{"emulator":{"name":"functions"},"function":{"name":"us-central1-geocode"},"message":"[runtime-status] [611164] Ephemeral server survived."}}
[info] i  functions: Finished "us-central1-geocode" in ~1s {"metadata":{"emulator":{"name":"functions"},"function":{"name":"us-central1-geocode"},"message":"Finished \"us-central1-geocode\" in ~1s"}}
[debug] [2021-05-31T15:31:13.712Z] [worker-us-central1-geocode-cca05b88-895c-4cba-8c59-2cfedc98a52e]: IDLE {"metadata":{"emulator":{"name":"functions"},"message":"[worker-us-central1-geocode-cca05b88-895c-4cba-8c59-2cfedc98a52e]: IDLE"}}
[debug] [2021-05-31T15:31:13.713Z] [work-queue] {"queueLength":0,"workRunningCount":0}
